<?xml version="1.0" encoding="UTF-8"?>
<!-- Generated by org.testng.reporters.JUnitReportReporter -->
<testsuite skipped="0" hostname="parinder-TP550LAB" name="Basic_Maven_Testing.addPlacEdelete" tests="1" failures="0" timestamp="13 Nov 2018 06:26:49 GMT" time="4.191" errors="0">
  <testcase name="addplace" time="4.191" classname="Basic_Maven_Testing.addPlacEdelete"/>
</testsuite> <!-- Basic_Maven_Testing.addPlacEdelete -->
