<?xml version="1.0" encoding="UTF-8"?>
<!-- Generated by org.testng.reporters.JUnitReportReporter -->
<testsuite skipped="0" hostname="parinder-TP550LAB" name="Basic_Maven_Testing.facebook_login_Test" tests="1" failures="0" timestamp="13 Nov 2018 06:26:49 GMT" time="1.648" errors="0">
  <testcase name="Invalid_Login" time="1.648" classname="Basic_Maven_Testing.facebook_login_Test"/>
</testsuite> <!-- Basic_Maven_Testing.facebook_login_Test -->
